<?xml version="1.0" encoding="UTF-8"?>
<robot generator="Robot 7.0 (Python 3.14.3 on win32)" generated="2026-03-09T13:38:18.332534" rpa="false" schemaversion="5">
<suite id="s1" name="treino API no robot" source="C:\Users\fcg364\Desktop\treino API no robot">
<suite id="s1-s1" name="Treino" source="C:\Users\fcg364\Desktop\treino API no robot\treino.robot">
<test id="s1-s1-t1" name="TC02 - Realizar busca de um único produto" line="25">
<kw name="Pegar produto por ID 7" source_name="Pegar produto por ID ${ID}">
<kw name="Create Dictionary" owner="BuiltIn">
<msg time="2026-03-09T13:38:18.517876" level="INFO">&amp;{headers} = { Content-type=application/json }</msg>
<var>&amp;{headers}</var>
<arg>Content-type=application/json</arg>
<doc>Creates and returns a dictionary based on the given ``items``.</doc>
<status status="PASS" start="2026-03-09T13:38:18.517434" elapsed="0.000650"/>
</kw>
<kw name="Replace String" owner="String">
<msg time="2026-03-09T13:38:18.519257" level="INFO">${GET_PRODUCT_ID} = products/7</msg>
<var>${GET_PRODUCT_ID}</var>
<arg>${GET_PRODUCT_ID}</arg>
<arg>id-produto</arg>
<arg>${ID}</arg>
<doc>Replaces ``search_for`` in the given ``string`` with ``replace_with``.</doc>
<status status="PASS" start="2026-03-09T13:38:18.518618" elapsed="0.000947"/>
</kw>
<kw name="GET" owner="RequestsLibrary">
<msg time="2026-03-09T13:38:19.008937" level="INFO">GET Request : url=https://dummyjson.com/products/7 
 path_url=/products/7 
 headers={'User-Agent': 'python-requests/2.32.5', 'Accept-Encoding': 'gzip, deflate, zstd', 'Accept': '*/*', 'Connection': 'keep-alive', 'Content-type': 'application/json'} 
 body=None 
 </msg>
<msg time="2026-03-09T13:38:19.009222" level="INFO">GET Response : url=https://dummyjson.com/products/7 
 status=200, reason=OK 
 headers={'Date': 'Mon, 09 Mar 2026 16:38:19 GMT', 'Content-Type': 'application/json; charset=utf-8', 'Transfer-Encoding': 'chunked', 'Connection': 'keep-alive', 'access-control-allow-origin': '*', 'Report-To': '{"group":"cf-nel","max_age":604800,"endpoints":[{"url":"https://a.nel.cloudflare.com/report/v4?s=KgtMJ6KVjY%2BlgwBvPSWbfU%2BbTaWLRiGYAYAqkgw8d9aYUu%2BOFvPjnGsXm%2FT3BDmrUAFnBknwDFo6%2BVasDWcrgPCfvFAWkycW3mBJydc%3D"}]}', 'etag': 'W/"663-5hQ3Ky+7KT9BJSYxf4nU3AsYHUY"', 'strict-transport-security': 'max-age=15552000; includeSubDomains', 'vary': 'Accept-Encoding', 'x-content-type-options': 'nosniff', 'x-dns-prefetch-control': 'off', 'x-download-options': 'noopen', 'x-frame-options': 'SAMEORIGIN', 'x-ratelimit-limit': '100', 'x-ratelimit-remaining': '99', 'x-ratelimit-reset': '1773074300', 'x-xss-protection': '1; mode=block', 'cf-cache-status': 'DYNAMIC', 'Nel': '{"report_to":"cf-nel","success_fraction":0.0,"max_age":604800}', 'Content-Encoding': 'zstd', 'Server': 'cloudflare', 'CF-RAY': '9d9b825fae3d9423-GRU'} 
 body={"id":7,"title":"Chanel Coco Noir Eau De","description":"Coco Noir by Chanel is an elegant and mysterious fragrance, featuring notes of grapefruit, rose, and sandalwood. Perfect for evening occasions.","category":"fragrances","price":129.99,"discountPercentage":16.51,"rating":4.26,"stock":58,"tags":["fragrances","perfumes"],"brand":"Chanel","sku":"FRA-CHA-CHA-007","weight":7,"dimensions":{"width":24.5,"height":25.7,"depth":25.98},"warrantyInformation":"3 year warranty","shippingInformation":"Ships overnight","availabilityStatus":"In Stock","reviews":[{"rating":4,"comment":"Highly impressed!","date":"2025-04-30T09:41:02.053Z","reviewerName":"Ruby Andrews","reviewerEmail":"ruby.andrews@x.dummyjson.com"},{"rating":5,"comment":"Awesome product!","date":"2025-04-30T09:41:02.053Z","reviewerName":"Leah Henderson","reviewerEmail":"leah.henderson@x.dummyjson.com"},{"rating":5,"comment":"Very happy with my purchase!","date":"2025-04-30T09:41:02.053Z","reviewerName":"Xavier Wright","reviewerEmail":"xavier.wright@x.dummyjson.com"}],"returnPolicy":"No return policy","minimumOrderQuantity":1,"meta":{"createdAt":"2025-04-30T09:41:02.053Z","updatedAt":"2025-04-30T09:41:02.053Z","barcode":"4091737746820","qrCode":"https://cdn.dummyjson.com/public/qr-code.png"},"images":["https://cdn.dummyjson.com/product-images/fragrances/chanel-coco-noir-eau-de/1.webp","https://cdn.dummyjson.com/product-images/fragrances/chanel-coco-noir-eau-de/2.webp","https://cdn.dummyjson.com/product-images/fragrances/chanel-coco-noir-eau-de/3.webp"],"thumbnail":"https://cdn.dummyjson.com/product-images/fragrances/chanel-coco-noir-eau-de/thumbnail.webp"} 
 </msg>
<arg>url=${HOST}/${GET_PRODUCT_ID}</arg>
<arg>headers=&amp;{headers}</arg>
<doc>Sends a GET request.</doc>
<status status="PASS" start="2026-03-09T13:38:18.519750" elapsed="0.489652"/>
</kw>
<status status="PASS" start="2026-03-09T13:38:18.516662" elapsed="0.492913"/>
</kw>
<status status="PASS" start="2026-03-09T13:38:18.501869" elapsed="0.508645"/>
</test>
<status status="PASS" start="2026-03-09T13:38:18.371080" elapsed="0.645718"/>
</suite>
<status status="PASS" start="2026-03-09T13:38:18.338320" elapsed="0.685628"/>
</suite>
<statistics>
<total>
<stat pass="1" fail="0" skip="0">All Tests</stat>
</total>
<tag>
</tag>
<suite>
<stat pass="1" fail="0" skip="0" id="s1" name="treino API no robot">treino API no robot</stat>
<stat pass="1" fail="0" skip="0" id="s1-s1" name="Treino">treino API no robot.Treino</stat>
</suite>
</statistics>
<errors>
</errors>
</robot>
